0 verbose cli /data/data/com.termux/files/usr/bin/node /data/data/com.termux/files/usr/bin/npm
1 info using npm@10.2.4
2 info using node@v20.11.1
3 timing npm:load:whichnode Completed in 9ms
4 timing config:load:defaults Completed in 13ms
5 timing config:load:file:/data/data/com.termux/files/usr/lib/node_modules/npm/npmrc Completed in 2ms
6 timing config:load:builtin Completed in 4ms
7 timing config:load:cli Completed in 16ms
8 timing config:load:env Completed in 3ms
9 timing config:load:file:/.npmrc Completed in 2ms
10 timing config:load:project Completed in 9ms
11 timing config:load:file:/data/data/com.termux/files/home/.npmrc Completed in 1ms
12 timing config:load:user Completed in 3ms
13 timing config:load:file:/data/data/com.termux/files/usr/etc/npmrc Completed in 1ms
14 timing config:load:global Completed in 3ms
15 timing config:load:setEnvs Completed in 7ms
16 timing config:load Completed in 61ms
17 timing npm:load:configload Completed in 62ms
18 timing config:load:flatten Completed in 18ms
19 timing npm:load:mkdirpcache Completed in 3ms
20 timing npm:load:mkdirplogs Completed in 2ms
21 verbose title npm config set foreground-scripts true
22 verbose argv "config" "set" "foreground-scripts" "true"
23 timing npm:load:setTitle Completed in 5ms
24 timing npm:load:display Completed in 5ms
25 verbose logfile logs-max:10 dir:/data/data/com.termux/files/home/.npm/_logs/2024-04-18T17_11_19_569Z-
26 verbose logfile /data/data/com.termux/files/home/.npm/_logs/2024-04-18T17_11_19_569Z-debug-0.log
27 timing npm:load:logFile Completed in 78ms
28 timing npm:load:timers Completed in 1ms
29 timing npm:load:configScope Completed in 1ms
30 timing npm:load Completed in 306ms
31 info config set "foreground-scripts" "true"
32 silly logfile done cleaning log files
33 timing command:config Completed in 41ms
34 verbose exit 0
35 timing config:load:flatten Completed in 3ms
36 timing npm Completed in 763ms
37 info ok
