0 verbose cli /data/data/com.termux/files/usr/bin/node /data/data/com.termux/files/usr/bin/npm
1 info using npm@10.2.4
2 info using node@v21.6.2
3 timing npm:load:whichnode Completed in 9ms
4 timing config:load:defaults Completed in 14ms
5 timing config:load:file:/data/data/com.termux/files/usr/lib/node_modules/npm/npmrc Completed in 5ms
6 timing config:load:builtin Completed in 5ms
7 timing config:load:cli Completed in 15ms
8 timing config:load:env Completed in 3ms
9 timing config:load:file:/data/data/com.termux/files/home/conecte-quatro/.npmrc Completed in 1ms
10 timing config:load:project Completed in 17ms
11 timing config:load:file:/data/data/com.termux/files/home/.npmrc Completed in 13ms
12 timing config:load:user Completed in 15ms
13 timing config:load:file:/data/data/com.termux/files/usr/etc/npmrc Completed in 2ms
14 timing config:load:global Completed in 3ms
15 timing config:load:setEnvs Completed in 7ms
16 timing config:load Completed in 85ms
17 timing npm:load:configload Completed in 86ms
18 timing config:load:flatten Completed in 19ms
19 timing npm:load:mkdirpcache Completed in 3ms
20 timing npm:load:mkdirplogs Completed in 2ms
21 verbose title npm run dev
22 verbose argv "run" "dev"
23 timing npm:load:setTitle Completed in 5ms
24 timing npm:load:display Completed in 4ms
25 verbose logfile logs-max:10 dir:/data/data/com.termux/files/home/.npm/_logs/2024-04-28T13_13_25_191Z-
26 verbose logfile /data/data/com.termux/files/home/.npm/_logs/2024-04-28T13_13_25_191Z-debug-0.log
27 timing npm:load:logFile Completed in 72ms
28 timing npm:load:timers Completed in 0ms
29 timing npm:load:configScope Completed in 0ms
30 timing npm:load Completed in 332ms
31 silly logfile start cleaning logs, removing 1 files
32 silly logfile done cleaning log files
