0 verbose cli /data/data/com.termux/files/usr/bin/node /data/data/com.termux/files/usr/bin/npm
1 info using npm@10.2.4
2 info using node@v21.6.2
3 timing npm:load:whichnode Completed in 10ms
4 timing config:load:defaults Completed in 14ms
5 timing config:load:file:/data/data/com.termux/files/usr/lib/node_modules/npm/npmrc Completed in 6ms
6 timing config:load:builtin Completed in 7ms
7 timing config:load:cli Completed in 15ms
8 timing config:load:env Completed in 2ms
9 timing config:load:file:/data/data/com.termux/files/home/connect-four-game/.npmrc Completed in 1ms
10 timing config:load:project Completed in 14ms
11 timing config:load:file:/data/data/com.termux/files/home/.npmrc Completed in 16ms
12 timing config:load:user Completed in 17ms
13 timing config:load:file:/data/data/com.termux/files/usr/etc/npmrc Completed in 1ms
14 timing config:load:global Completed in 3ms
15 timing config:load:setEnvs Completed in 7ms
16 timing config:load Completed in 84ms
17 timing npm:load:configload Completed in 86ms
18 timing config:load:flatten Completed in 19ms
19 timing npm:load:mkdirpcache Completed in 2ms
20 timing npm:load:mkdirplogs Completed in 3ms
21 verbose title npm run dev
22 verbose argv "run" "dev"
23 timing npm:load:setTitle Completed in 5ms
24 timing npm:load:display Completed in 3ms
25 verbose logfile logs-max:10 dir:/data/data/com.termux/files/home/.npm/_logs/2024-04-18T17_36_10_827Z-
26 verbose logfile /data/data/com.termux/files/home/.npm/_logs/2024-04-18T17_36_10_827Z-debug-0.log
27 timing npm:load:logFile Completed in 70ms
28 timing npm:load:timers Completed in 1ms
29 timing npm:load:configScope Completed in 0ms
30 timing npm:load Completed in 331ms
31 silly logfile done cleaning log files
