0 verbose cli /data/data/com.termux/files/usr/bin/node /data/data/com.termux/files/usr/bin/npm
1 info using npm@10.2.4
2 info using node@v21.6.2
3 timing npm:load:whichnode Completed in 8ms
4 timing config:load:defaults Completed in 13ms
5 timing config:load:file:/data/data/com.termux/files/usr/lib/node_modules/npm/npmrc Completed in 5ms
6 timing config:load:builtin Completed in 7ms
7 timing config:load:cli Completed in 16ms
8 timing config:load:env Completed in 3ms
9 timing config:load:project Completed in 19ms
10 timing config:load:file:/data/data/com.termux/files/home/.npmrc Completed in 18ms
11 timing config:load:user Completed in 18ms
12 timing config:load:file:/data/data/com.termux/files/usr/etc/npmrc Completed in 1ms
13 timing config:load:global Completed in 4ms
14 timing config:load:setEnvs Completed in 7ms
15 timing config:load Completed in 93ms
16 timing npm:load:configload Completed in 95ms
17 timing config:load:flatten Completed in 19ms
18 timing npm:load:mkdirpcache Completed in 4ms
19 timing npm:load:mkdirplogs Completed in 3ms
20 verbose title npm create vite@latest
21 verbose argv "create" "vite@latest"
22 timing npm:load:setTitle Completed in 5ms
23 timing npm:load:display Completed in 5ms
24 verbose logfile logs-max:10 dir:/data/data/com.termux/files/home/.npm/_logs/2024-04-18T17_13_04_926Z-
25 verbose logfile /data/data/com.termux/files/home/.npm/_logs/2024-04-18T17_13_04_926Z-debug-0.log
26 timing npm:load:logFile Completed in 72ms
27 timing npm:load:timers Completed in 0ms
28 timing npm:load:configScope Completed in 0ms
29 timing npm:load Completed in 342ms
30 silly logfile done cleaning log files
31 timing arborist:ctor Completed in 6ms
32 http fetch GET 200 https://registry.npmjs.org/create-vite 758ms (cache miss)
33 timing arborist:ctor Completed in 1ms
34 timing arborist:ctor Completed in 1ms
35 timing idealTree:init Completed in 24ms
36 timing idealTree:userRequests Completed in 9ms
37 silly idealTree buildDeps
38 silly fetch manifest create-vite@5.2.3
39 http fetch GET 200 https://registry.npmjs.org/create-vite 92ms (cache hit)
40 silly placeDep ROOT create-vite@5.2.3 OK for:  want: 5.2.3
41 timing idealTree:#root Completed in 142ms
42 timing idealTree:node_modules/create-vite Completed in 0ms
43 timing idealTree:buildDeps Completed in 150ms
44 timing idealTree:fixDepFlags Completed in 3ms
45 timing idealTree Completed in 198ms
46 timing reify:loadTrees Completed in 203ms
47 timing reify:diffTrees Completed in 6ms
48 silly reify moves {}
49 timing reify:retireShallow Completed in 8ms
50 timing reify:createSparse Completed in 10ms
51 timing reify:loadBundles Completed in 0ms
52 silly audit bulk request { 'create-vite': [ '5.2.3' ] }
53 silly tarball no local data for create-vite@https://registry.npmjs.org/create-vite/-/create-vite-5.2.3.tgz. Extracting by manifest.
54 http fetch POST 200 https://registry.npmjs.org/-/npm/v1/security/advisories/bulk 375ms
55 timing auditReport:getReport Completed in 384ms
56 silly audit report {}
57 timing auditReport:init Completed in 1ms
58 timing reify:audit Completed in 390ms
59 http fetch GET 200 https://registry.npmjs.org/create-vite/-/create-vite-5.2.3.tgz 1021ms (cache miss)
60 timing reifyNode:node_modules/create-vite Completed in 1073ms
61 timing reify:unpack Completed in 1075ms
62 timing reify:unretire Completed in 1ms
63 timing build:queue Completed in 7ms
64 timing build:link:node_modules/create-vite Completed in 21ms
65 timing build:link Completed in 23ms
66 timing build:deps Completed in 33ms
67 timing build Completed in 34ms
68 timing reify:build Completed in 37ms
69 timing reify:trash Completed in 0ms
70 timing reify:save Completed in 42ms
71 timing reify Completed in 1436ms
72 timing command:create Completed in 24460ms
73 verbose exit 0
74 timing npm Completed in 26964ms
75 info ok
