0 verbose cli /data/data/com.termux/files/usr/bin/node /data/data/com.termux/files/usr/bin/npm
1 info using npm@10.2.4
2 info using node@v21.6.2
3 timing npm:load:whichnode Completed in 8ms
4 timing config:load:defaults Completed in 13ms
5 timing config:load:file:/data/data/com.termux/files/usr/lib/node_modules/npm/npmrc Completed in 5ms
6 timing config:load:builtin Completed in 6ms
7 timing config:load:cli Completed in 15ms
8 timing config:load:env Completed in 2ms
9 timing config:load:project Completed in 21ms
10 timing config:load:file:/data/data/com.termux/files/home/.npmrc Completed in 15ms
11 timing config:load:user Completed in 15ms
12 timing config:load:file:/data/data/com.termux/files/usr/etc/npmrc Completed in 1ms
13 timing config:load:global Completed in 2ms
14 timing config:load:setEnvs Completed in 8ms
15 timing config:load Completed in 90ms
16 timing npm:load:configload Completed in 91ms
17 timing config:load:flatten Completed in 20ms
18 timing npm:load:mkdirpcache Completed in 3ms
19 timing npm:load:mkdirplogs Completed in 3ms
20 verbose title npm install
21 verbose argv "install"
22 timing npm:load:setTitle Completed in 5ms
23 timing npm:load:display Completed in 5ms
24 verbose logfile logs-max:10 dir:/data/data/com.termux/files/home/.npm/_logs/2024-04-18T17_14_07_528Z-
25 verbose logfile /data/data/com.termux/files/home/.npm/_logs/2024-04-18T17_14_07_528Z-debug-0.log
26 timing npm:load:logFile Completed in 67ms
27 timing npm:load:timers Completed in 1ms
28 timing npm:load:configScope Completed in 0ms
29 timing npm:load Completed in 327ms
30 timing config:load:flatten Completed in 3ms
31 timing arborist:ctor Completed in 6ms
32 silly logfile done cleaning log files
33 timing arborist:ctor Completed in 2ms
34 timing idealTree:init Completed in 139ms
35 timing idealTree:userRequests Completed in 3ms
36 silly idealTree buildDeps
37 timing idealTree:#root Completed in 1ms
38 timing idealTree:buildDeps Completed in 12ms
39 timing idealTree:fixDepFlags Completed in 1ms
40 timing idealTree Completed in 165ms
41 timing reify:loadTrees Completed in 172ms
42 timing reify:diffTrees Completed in 4ms
43 silly reify moves {}
44 timing reify:retireShallow Completed in 8ms
45 timing reify:createSparse Completed in 0ms
46 timing reify:loadBundles Completed in 0ms
47 timing reify:unpack Completed in 1ms
48 timing reify:unretire Completed in 0ms
49 timing build:queue Completed in 0ms
50 timing build:deps Completed in 2ms
51 timing build Completed in 3ms
52 timing reify:build Completed in 5ms
53 timing reify:trash Completed in 0ms
54 timing reify:save Completed in 17ms
55 timing reify Completed in 278ms
56 timing command:install Completed in 309ms
57 verbose stack Error: ENOENT: no such file or directory, open '/data/data/com.termux/files/home/package.json'
57 verbose stack     at async open (node:internal/fs/promises:633:25)
57 verbose stack     at async readFile (node:internal/fs/promises:1242:14)
57 verbose stack     at async Install.exec (/data/data/com.termux/files/usr/lib/node_modules/npm/lib/commands/install.js:177:9)
57 verbose stack     at async module.exports (/data/data/com.termux/files/usr/lib/node_modules/npm/lib/cli-entry.js:61:5)
58 verbose cwd /data/data/com.termux/files/home
59 verbose Linux 4.19.127-22945975
60 verbose node v21.6.2
61 verbose npm  v10.2.4
62 error code ENOENT
63 error syscall open
64 error path /data/data/com.termux/files/home/package.json
65 error errno -2
66 error enoent ENOENT: no such file or directory, open '/data/data/com.termux/files/home/package.json'
67 error enoent This is related to npm not being able to find a file.
67 error enoent
68 verbose exit -2
69 timing npm Completed in 2645ms
70 verbose code -2
71 error A complete log of this run can be found in: /data/data/com.termux/files/home/.npm/_logs/2024-04-18T17_14_07_528Z-debug-0.log
