0 verbose cli /data/data/com.termux/files/usr/bin/node /data/data/com.termux/files/usr/bin/npm
1 info using npm@10.2.4
2 info using node@v21.6.2
3 timing npm:load:whichnode Completed in 9ms
4 timing config:load:defaults Completed in 13ms
5 timing config:load:file:/data/data/com.termux/files/usr/lib/node_modules/npm/npmrc Completed in 5ms
6 timing config:load:builtin Completed in 6ms
7 timing config:load:cli Completed in 14ms
8 timing config:load:env Completed in 3ms
9 timing config:load:project Completed in 48ms
10 timing config:load:file:/data/data/com.termux/files/home/.npmrc Completed in 14ms
11 timing config:load:user Completed in 16ms
12 timing config:load:file:/data/data/com.termux/files/usr/etc/npmrc Completed in 1ms
13 timing config:load:global Completed in 3ms
14 timing config:load:setEnvs Completed in 6ms
15 timing config:load Completed in 116ms
16 timing npm:load:configload Completed in 117ms
17 timing config:load:flatten Completed in 23ms
18 timing npm:load:mkdirpcache Completed in 3ms
19 timing npm:load:mkdirplogs Completed in 2ms
20 verbose title npm run dev
21 verbose argv "run" "dev"
22 timing npm:load:setTitle Completed in 5ms
23 timing npm:load:display Completed in 4ms
24 verbose logfile logs-max:10 dir:/data/data/com.termux/files/home/.npm/_logs/2024-04-18T17_45_33_781Z-
25 verbose logfile /data/data/com.termux/files/home/.npm/_logs/2024-04-18T17_45_33_781Z-debug-0.log
26 timing npm:load:logFile Completed in 71ms
27 timing npm:load:timers Completed in 1ms
28 timing npm:load:configScope Completed in 0ms
29 timing npm:load Completed in 373ms
30 timing command:run Completed in 14ms
31 verbose stack Error: Could not read package.json: Error: ENOENT: no such file or directory, open '/data/data/com.termux/files/home/package.json'
31 verbose stack     at async open (node:internal/fs/promises:633:25)
31 verbose stack     at async readFile (node:internal/fs/promises:1242:14)
31 verbose stack     at async PackageJson.load (/data/data/com.termux/files/usr/lib/node_modules/npm/node_modules/@npmcli/package-json/lib/index.js:129:31)
31 verbose stack     at async PackageJson.normalize (/data/data/com.termux/files/usr/lib/node_modules/npm/node_modules/@npmcli/package-json/lib/index.js:115:5)
31 verbose stack     at async RunScript.run (/data/data/com.termux/files/usr/lib/node_modules/npm/lib/commands/run-script.js:72:27)
31 verbose stack     at async module.exports (/data/data/com.termux/files/usr/lib/node_modules/npm/lib/cli-entry.js:61:5)
32 verbose cwd /data/data/com.termux/files/home
33 verbose Linux 4.19.127-22945975
34 verbose node v21.6.2
35 verbose npm  v10.2.4
36 error code ENOENT
37 error syscall open
38 error path /data/data/com.termux/files/home/package.json
39 error errno -2
40 error enoent Could not read package.json: Error: ENOENT: no such file or directory, open '/data/data/com.termux/files/home/package.json'
41 error enoent This is related to npm not being able to find a file.
41 error enoent
42 verbose exit -2
43 timing npm Completed in 875ms
44 verbose code -2
45 error A complete log of this run can be found in: /data/data/com.termux/files/home/.npm/_logs/2024-04-18T17_45_33_781Z-debug-0.log
